mode: atomic
github.com/hulutech-web/goravel-kit-cli/main.go:11.13,25.41 2 0
github.com/hulutech-web/goravel-kit-cli/main.go:25.41,27.3 1 0
github.com/hulutech-web/goravel-kit-cli/main.go:11.13,25.41 2 0
github.com/hulutech-web/goravel-kit-cli/main.go:25.41,27.3 1 0
github.com/hulutech-web/goravel-kit-cli/internal/commands/new.go:19.45,43.2 22 0
github.com/hulutech-web/goravel-kit-cli/internal/commands/new.go:94.45,95.24 1 0
github.com/hulutech-web/goravel-kit-cli/internal/commands/new.go:95.24,97.3 1 0
github.com/hulutech-web/goravel-kit-cli/internal/commands/new.go:99.2,112.14 12 0
github.com/hulutech-web/goravel-kit-cli/internal/commands/new.go:112.14,115.3 2 0
github.com/hulutech-web/goravel-kit-cli/internal/commands/new.go:115.8,118.3 2 0
github.com/hulutech-web/goravel-kit-cli/internal/commands/new.go:121.2,121.15 1 0
github.com/hulutech-web/goravel-kit-cli/internal/commands/new.go:121.15,123.3 1 0
github.com/hulutech-web/goravel-kit-cli/internal/commands/new.go:123.8,126.3 2 0
github.com/hulutech-web/goravel-kit-cli/internal/commands/new.go:129.2,133.31 3 0
github.com/hulutech-web/goravel-kit-cli/internal/commands/new.go:133.31,136.31 2 0
github.com/hulutech-web/goravel-kit-cli/internal/commands/new.go:136.31,141.4 3 0
github.com/hulutech-web/goravel-kit-cli/internal/commands/new.go:141.9,144.4 2 0
github.com/hulutech-web/goravel-kit-cli/internal/commands/new.go:145.3,145.61 1 0
github.com/hulutech-web/goravel-kit-cli/internal/commands/new.go:149.2,171.9 3 0
github.com/hulutech-web/goravel-kit-cli/internal/commands/new.go:172.42,173.81 1 0
github.com/hulutech-web/goravel-kit-cli/internal/commands/new.go:174.17,175.81 1 0
github.com/hulutech-web/goravel-kit-cli/internal/commands/new.go:176.18,177.82 1 0
github.com/hulutech-web/goravel-kit-cli/internal/commands/new.go:178.10,179.78 1 0
github.com/hulutech-web/goravel-kit-cli/internal/commands/new.go:182.2,185.13 3 0
github.com/hulutech-web/goravel-kit-cli/internal/commands/new.go:185.13,187.34 2 0
github.com/hulutech-web/goravel-kit-cli/internal/commands/new.go:187.34,188.22 1 0
github.com/hulutech-web/goravel-kit-cli/internal/commands/new.go:188.22,190.15 2 0
github.com/hulutech-web/goravel-kit-cli/internal/commands/new.go:190.15,192.6 1 0
github.com/hulutech-web/goravel-kit-cli/internal/commands/new.go:192.11,194.6 1 0
github.com/hulutech-web/goravel-kit-cli/internal/commands/new.go:195.5,195.75 1 0
github.com/hulutech-web/goravel-kit-cli/internal/commands/new.go:198.3,198.76 1 0
github.com/hulutech-web/goravel-kit-cli/internal/commands/new.go:202.2,202.50 1 0
github.com/hulutech-web/goravel-kit-cli/internal/commands/new.go:202.50,204.3 1 0
github.com/hulutech-web/goravel-kit-cli/internal/commands/new.go:207.2,208.16 2 0
github.com/hulutech-web/goravel-kit-cli/internal/commands/new.go:208.16,210.3 1 0
github.com/hulutech-web/goravel-kit-cli/internal/commands/new.go:211.2,211.15 1 0
github.com/hulutech-web/goravel-kit-cli/internal/commands/new.go:211.15,212.58 1 0
github.com/hulutech-web/goravel-kit-cli/internal/commands/new.go:212.58,214.4 1 0
github.com/hulutech-web/goravel-kit-cli/internal/commands/new.go:217.2,222.33 4 0
github.com/hulutech-web/goravel-kit-cli/internal/commands/new.go:222.33,223.22 1 0
github.com/hulutech-web/goravel-kit-cli/internal/commands/new.go:223.22,224.12 1 0
github.com/hulutech-web/goravel-kit-cli/internal/commands/new.go:228.3,229.13 2 0
github.com/hulutech-web/goravel-kit-cli/internal/commands/new.go:229.13,231.4 1 0
github.com/hulutech-web/goravel-kit-cli/internal/commands/new.go:231.9,233.4 1 0
github.com/hulutech-web/goravel-kit-cli/internal/commands/new.go:235.3,246.17 7 0
github.com/hulutech-web/goravel-kit-cli/internal/commands/new.go:246.17,251.43 3 0
github.com/hulutech-web/goravel-kit-cli/internal/commands/new.go:251.43,253.13 2 0
github.com/hulutech-web/goravel-kit-cli/internal/commands/new.go:255.9,259.9 4 0
github.com/hulutech-web/goravel-kit-cli/internal/commands/new.go:264.2,264.26 1 0
github.com/hulutech-web/goravel-kit-cli/internal/commands/new.go:264.26,274.3 9 0
github.com/hulutech-web/goravel-kit-cli/internal/commands/new.go:276.2,283.35 6 0
github.com/hulutech-web/goravel-kit-cli/internal/commands/new.go:283.35,284.46 1 0
github.com/hulutech-web/goravel-kit-cli/internal/commands/new.go:284.46,286.4 1 0
github.com/hulutech-web/goravel-kit-cli/internal/commands/new.go:287.3,287.14 1 0
github.com/hulutech-web/goravel-kit-cli/internal/commands/new.go:287.14,289.4 1 0
github.com/hulutech-web/goravel-kit-cli/internal/commands/new.go:293.2,294.40 2 0
github.com/hulutech-web/goravel-kit-cli/internal/commands/new.go:294.40,296.68 2 0
github.com/hulutech-web/goravel-kit-cli/internal/commands/new.go:296.68,298.15 2 0
github.com/hulutech-web/goravel-kit-cli/internal/commands/new.go:298.15,300.5 1 0
github.com/hulutech-web/goravel-kit-cli/internal/commands/new.go:305.2,305.40 1 0
github.com/hulutech-web/goravel-kit-cli/internal/commands/new.go:305.40,306.51 1 0
github.com/hulutech-web/goravel-kit-cli/internal/commands/new.go:306.51,308.4 1 0
github.com/hulutech-web/goravel-kit-cli/internal/commands/new.go:309.3,309.14 1 0
github.com/hulutech-web/goravel-kit-cli/internal/commands/new.go:309.14,311.4 1 0
github.com/hulutech-web/goravel-kit-cli/internal/commands/new.go:315.2,315.73 1 0
github.com/hulutech-web/goravel-kit-cli/internal/commands/new.go:315.73,317.3 1 0
github.com/hulutech-web/goravel-kit-cli/internal/commands/new.go:318.2,323.38 4 0
github.com/hulutech-web/goravel-kit-cli/internal/commands/new.go:323.38,325.17 2 0
github.com/hulutech-web/goravel-kit-cli/internal/commands/new.go:325.17,327.4 1 0
github.com/hulutech-web/goravel-kit-cli/internal/commands/new.go:328.3,329.17 2 0
github.com/hulutech-web/goravel-kit-cli/internal/commands/new.go:329.17,331.4 1 0
github.com/hulutech-web/goravel-kit-cli/internal/commands/new.go:332.3,332.14 1 0
github.com/hulutech-web/goravel-kit-cli/internal/commands/new.go:332.14,334.4 1 0
github.com/hulutech-web/goravel-kit-cli/internal/commands/new.go:335.8,336.14 1 0
github.com/hulutech-web/goravel-kit-cli/internal/commands/new.go:336.14,338.4 1 0
github.com/hulutech-web/goravel-kit-cli/internal/commands/new.go:342.2,342.64 1 0
github.com/hulutech-web/goravel-kit-cli/internal/commands/new.go:342.64,344.3 1 0
github.com/hulutech-web/goravel-kit-cli/internal/commands/new.go:344.8,346.3 1 0
github.com/hulutech-web/goravel-kit-cli/internal/commands/new.go:350.2,355.35 2 0
github.com/hulutech-web/goravel-kit-cli/internal/commands/new.go:355.35,357.14 2 0
github.com/hulutech-web/goravel-kit-cli/internal/commands/new.go:357.14,359.4 1 0
github.com/hulutech-web/goravel-kit-cli/internal/commands/new.go:360.3,361.14 2 0
github.com/hulutech-web/goravel-kit-cli/internal/commands/new.go:361.14,363.4 1 0
github.com/hulutech-web/goravel-kit-cli/internal/commands/new.go:364.3,364.17 1 0
github.com/hulutech-web/goravel-kit-cli/internal/commands/new.go:364.17,367.9 3 0
github.com/hulutech-web/goravel-kit-cli/internal/commands/new.go:371.2,379.12 8 0
github.com/hulutech-web/goravel-kit-cli/internal/commands/new.go:388.31,390.33 2 0
github.com/hulutech-web/goravel-kit-cli/internal/commands/new.go:390.33,391.22 1 0
github.com/hulutech-web/goravel-kit-cli/internal/commands/new.go:391.22,392.12 1 0
github.com/hulutech-web/goravel-kit-cli/internal/commands/new.go:394.3,394.19 1 0
github.com/hulutech-web/goravel-kit-cli/internal/commands/new.go:394.19,396.4 1 0
github.com/hulutech-web/goravel-kit-cli/internal/commands/new.go:397.3,397.35 1 0
github.com/hulutech-web/goravel-kit-cli/internal/commands/new.go:397.35,399.4 1 0
github.com/hulutech-web/goravel-kit-cli/internal/commands/new.go:401.2,401.14 1 0
github.com/hulutech-web/goravel-kit-cli/internal/commands/new.go:404.58,406.32 2 0
github.com/hulutech-web/goravel-kit-cli/internal/commands/new.go:406.32,408.3 1 0
github.com/hulutech-web/goravel-kit-cli/internal/commands/new.go:410.2,411.16 2 0
github.com/hulutech-web/goravel-kit-cli/internal/commands/new.go:411.16,413.3 1 0
github.com/hulutech-web/goravel-kit-cli/internal/commands/new.go:415.2,419.56 4 0
github.com/hulutech-web/goravel-kit-cli/internal/commands/new.go:423.67,426.16 2 0
github.com/hulutech-web/goravel-kit-cli/internal/commands/new.go:426.16,428.3 1 0
github.com/hulutech-web/goravel-kit-cli/internal/commands/new.go:431.2,434.55 2 0
github.com/hulutech-web/goravel-kit-cli/internal/commands/new.go:434.55,436.3 1 0
github.com/hulutech-web/goravel-kit-cli/internal/commands/new.go:439.2,439.83 1 0
github.com/hulutech-web/goravel-kit-cli/internal/commands/new.go:439.83,440.17 1 0
github.com/hulutech-web/goravel-kit-cli/internal/commands/new.go:440.17,442.4 1 0
github.com/hulutech-web/goravel-kit-cli/internal/commands/new.go:445.3,446.17 2 0
github.com/hulutech-web/goravel-kit-cli/internal/commands/new.go:446.17,448.4 1 0
github.com/hulutech-web/goravel-kit-cli/internal/commands/new.go:450.3,452.19 2 0
github.com/hulutech-web/goravel-kit-cli/internal/commands/new.go:452.19,455.4 1 0
github.com/hulutech-web/goravel-kit-cli/internal/commands/new.go:455.9,458.4 1 0
github.com/hulutech-web/goravel-kit-cli/internal/commands/new.go:461.2,461.16 1 0
github.com/hulutech-web/goravel-kit-cli/internal/commands/new.go:461.16,463.3 1 0
github.com/hulutech-web/goravel-kit-cli/internal/commands/new.go:466.2,466.45 1 0
github.com/hulutech-web/goravel-kit-cli/internal/commands/new.go:466.45,468.3 1 0
github.com/hulutech-web/goravel-kit-cli/internal/commands/new.go:470.2,470.12 1 0
github.com/hulutech-web/goravel-kit-cli/internal/commands/new.go:474.38,477.16 2 0
github.com/hulutech-web/goravel-kit-cli/internal/commands/new.go:477.16,479.3 1 0
github.com/hulutech-web/goravel-kit-cli/internal/commands/new.go:480.2,484.16 3 0
github.com/hulutech-web/goravel-kit-cli/internal/commands/new.go:484.16,486.3 1 0
github.com/hulutech-web/goravel-kit-cli/internal/commands/new.go:487.2,491.16 3 0
github.com/hulutech-web/goravel-kit-cli/internal/commands/new.go:491.16,493.3 1 0
github.com/hulutech-web/goravel-kit-cli/internal/commands/new.go:496.2,497.16 2 0
github.com/hulutech-web/goravel-kit-cli/internal/commands/new.go:497.16,499.3 1 0
github.com/hulutech-web/goravel-kit-cli/internal/commands/new.go:501.2,501.38 1 0
github.com/hulutech-web/goravel-kit-cli/internal/utils/cmd.go:11.74,15.2 3 1
github.com/hulutech-web/goravel-kit-cli/internal/utils/file.go:7.40,9.24 2 6
github.com/hulutech-web/goravel-kit-cli/internal/utils/file.go:9.24,11.3 1 3
github.com/hulutech-web/goravel-kit-cli/internal/utils/file.go:12.2,12.21 1 3
github.com/hulutech-web/goravel-kit-cli/internal/utils/file.go:15.35,17.24 2 4
github.com/hulutech-web/goravel-kit-cli/internal/utils/file.go:17.24,19.3 1 1
github.com/hulutech-web/goravel-kit-cli/internal/utils/file.go:20.2,20.22 1 3
github.com/hulutech-web/goravel-kit-cli/internal/utils/file.go:23.54,25.2 1 1
github.com/hulutech-web/goravel-kit-cli/internal/utils/file.go:27.41,29.2 1 1
github.com/hulutech-web/goravel-kit-cli/internal/utils/git.go:14.109,17.40 2 0
github.com/hulutech-web/goravel-kit-cli/internal/utils/git.go:17.40,19.3 1 0
github.com/hulutech-web/goravel-kit-cli/internal/utils/git.go:21.2,25.13 3 0
github.com/hulutech-web/goravel-kit-cli/internal/utils/git.go:25.13,27.3 1 0
github.com/hulutech-web/goravel-kit-cli/internal/utils/git.go:30.2,31.16 2 0
github.com/hulutech-web/goravel-kit-cli/internal/utils/git.go:31.16,33.3 1 0
github.com/hulutech-web/goravel-kit-cli/internal/utils/git.go:35.2,36.16 2 0
github.com/hulutech-web/goravel-kit-cli/internal/utils/git.go:36.16,38.3 1 0
github.com/hulutech-web/goravel-kit-cli/internal/utils/git.go:41.2,44.36 2 0
github.com/hulutech-web/goravel-kit-cli/internal/utils/git.go:44.36,46.3 1 0
github.com/hulutech-web/goravel-kit-cli/internal/utils/git.go:49.2,56.16 5 0
github.com/hulutech-web/goravel-kit-cli/internal/utils/git.go:56.16,58.44 1 0
github.com/hulutech-web/goravel-kit-cli/internal/utils/git.go:58.44,60.4 1 0
github.com/hulutech-web/goravel-kit-cli/internal/utils/git.go:63.3,63.10 1 0
github.com/hulutech-web/goravel-kit-cli/internal/utils/git.go:66.55,67.126 1 0
github.com/hulutech-web/goravel-kit-cli/internal/utils/git.go:69.62,70.78 1 0
github.com/hulutech-web/goravel-kit-cli/internal/utils/git.go:72.67,73.74 1 0
github.com/hulutech-web/goravel-kit-cli/internal/utils/git.go:75.70,76.94 1 0
github.com/hulutech-web/goravel-kit-cli/internal/utils/git.go:78.11,79.69 1 0
github.com/hulutech-web/goravel-kit-cli/internal/utils/git.go:83.2,83.13 1 0
github.com/hulutech-web/goravel-kit-cli/internal/utils/git.go:83.13,85.3 1 0
github.com/hulutech-web/goravel-kit-cli/internal/utils/git.go:85.8,87.3 1 0
github.com/hulutech-web/goravel-kit-cli/internal/utils/git.go:89.2,89.12 1 0
github.com/hulutech-web/goravel-kit-cli/internal/utils/git.go:93.66,95.21 2 0
github.com/hulutech-web/goravel-kit-cli/internal/utils/git.go:95.21,97.14 2 0
github.com/hulutech-web/goravel-kit-cli/internal/utils/git.go:97.14,99.4 1 0
github.com/hulutech-web/goravel-kit-cli/internal/utils/git.go:99.9,103.39 1 0
github.com/hulutech-web/goravel-kit-cli/internal/utils/git.go:103.39,105.5 1 0
github.com/hulutech-web/goravel-kit-cli/internal/utils/git.go:111.63,113.2 1 0
github.com/hulutech-web/goravel-kit-cli/internal/utils/network.go:8.30,11.16 3 0
github.com/hulutech-web/goravel-kit-cli/internal/utils/network.go:11.16,13.3 1 0
github.com/hulutech-web/goravel-kit-cli/internal/utils/network.go:14.2,15.13 2 0
github.com/hulutech-web/goravel-kit-cli/main.go:11.13,25.41 2 0
github.com/hulutech-web/goravel-kit-cli/main.go:25.41,27.3 1 0
github.com/hulutech-web/goravel-kit-cli/internal/commands/new.go:19.45,43.2 22 0
github.com/hulutech-web/goravel-kit-cli/internal/commands/new.go:94.45,95.24 1 0
github.com/hulutech-web/goravel-kit-cli/internal/commands/new.go:95.24,97.3 1 0
github.com/hulutech-web/goravel-kit-cli/internal/commands/new.go:99.2,112.14 12 0
github.com/hulutech-web/goravel-kit-cli/internal/commands/new.go:112.14,115.3 2 0
github.com/hulutech-web/goravel-kit-cli/internal/commands/new.go:115.8,118.3 2 0
github.com/hulutech-web/goravel-kit-cli/internal/commands/new.go:121.2,121.15 1 0
github.com/hulutech-web/goravel-kit-cli/internal/commands/new.go:121.15,123.3 1 0
github.com/hulutech-web/goravel-kit-cli/internal/commands/new.go:123.8,126.3 2 0
github.com/hulutech-web/goravel-kit-cli/internal/commands/new.go:129.2,133.31 3 0
github.com/hulutech-web/goravel-kit-cli/internal/commands/new.go:133.31,136.31 2 0
github.com/hulutech-web/goravel-kit-cli/internal/commands/new.go:136.31,141.4 3 0
github.com/hulutech-web/goravel-kit-cli/internal/commands/new.go:141.9,144.4 2 0
github.com/hulutech-web/goravel-kit-cli/internal/commands/new.go:145.3,145.61 1 0
github.com/hulutech-web/goravel-kit-cli/internal/commands/new.go:149.2,171.9 3 0
github.com/hulutech-web/goravel-kit-cli/internal/commands/new.go:172.42,173.81 1 0
github.com/hulutech-web/goravel-kit-cli/internal/commands/new.go:174.17,175.81 1 0
github.com/hulutech-web/goravel-kit-cli/internal/commands/new.go:176.18,177.82 1 0
github.com/hulutech-web/goravel-kit-cli/internal/commands/new.go:178.10,179.78 1 0
github.com/hulutech-web/goravel-kit-cli/internal/commands/new.go:182.2,185.13 3 0
github.com/hulutech-web/goravel-kit-cli/internal/commands/new.go:185.13,187.34 2 0
github.com/hulutech-web/goravel-kit-cli/internal/commands/new.go:187.34,188.22 1 0
github.com/hulutech-web/goravel-kit-cli/internal/commands/new.go:188.22,190.15 2 0
github.com/hulutech-web/goravel-kit-cli/internal/commands/new.go:190.15,192.6 1 0
github.com/hulutech-web/goravel-kit-cli/internal/commands/new.go:192.11,194.6 1 0
github.com/hulutech-web/goravel-kit-cli/internal/commands/new.go:195.5,195.75 1 0
github.com/hulutech-web/goravel-kit-cli/internal/commands/new.go:198.3,198.76 1 0
github.com/hulutech-web/goravel-kit-cli/internal/commands/new.go:202.2,202.50 1 0
github.com/hulutech-web/goravel-kit-cli/internal/commands/new.go:202.50,204.3 1 0
github.com/hulutech-web/goravel-kit-cli/internal/commands/new.go:207.2,208.16 2 0
github.com/hulutech-web/goravel-kit-cli/internal/commands/new.go:208.16,210.3 1 0
github.com/hulutech-web/goravel-kit-cli/internal/commands/new.go:211.2,211.15 1 0
github.com/hulutech-web/goravel-kit-cli/internal/commands/new.go:211.15,212.58 1 0
github.com/hulutech-web/goravel-kit-cli/internal/commands/new.go:212.58,214.4 1 0
github.com/hulutech-web/goravel-kit-cli/internal/commands/new.go:217.2,222.33 4 0
github.com/hulutech-web/goravel-kit-cli/internal/commands/new.go:222.33,223.22 1 0
github.com/hulutech-web/goravel-kit-cli/internal/commands/new.go:223.22,224.12 1 0
github.com/hulutech-web/goravel-kit-cli/internal/commands/new.go:228.3,229.13 2 0
github.com/hulutech-web/goravel-kit-cli/internal/commands/new.go:229.13,231.4 1 0
github.com/hulutech-web/goravel-kit-cli/internal/commands/new.go:231.9,233.4 1 0
github.com/hulutech-web/goravel-kit-cli/internal/commands/new.go:235.3,246.17 7 0
github.com/hulutech-web/goravel-kit-cli/internal/commands/new.go:246.17,251.43 3 0
github.com/hulutech-web/goravel-kit-cli/internal/commands/new.go:251.43,253.13 2 0
github.com/hulutech-web/goravel-kit-cli/internal/commands/new.go:255.9,259.9 4 0
github.com/hulutech-web/goravel-kit-cli/internal/commands/new.go:264.2,264.26 1 0
github.com/hulutech-web/goravel-kit-cli/internal/commands/new.go:264.26,274.3 9 0
github.com/hulutech-web/goravel-kit-cli/internal/commands/new.go:276.2,283.35 6 0
github.com/hulutech-web/goravel-kit-cli/internal/commands/new.go:283.35,284.46 1 0
github.com/hulutech-web/goravel-kit-cli/internal/commands/new.go:284.46,286.4 1 0
github.com/hulutech-web/goravel-kit-cli/internal/commands/new.go:287.3,287.14 1 0
github.com/hulutech-web/goravel-kit-cli/internal/commands/new.go:287.14,289.4 1 0
github.com/hulutech-web/goravel-kit-cli/internal/commands/new.go:293.2,294.40 2 0
github.com/hulutech-web/goravel-kit-cli/internal/commands/new.go:294.40,296.68 2 0
github.com/hulutech-web/goravel-kit-cli/internal/commands/new.go:296.68,298.15 2 0
github.com/hulutech-web/goravel-kit-cli/internal/commands/new.go:298.15,300.5 1 0
github.com/hulutech-web/goravel-kit-cli/internal/commands/new.go:305.2,305.40 1 0
github.com/hulutech-web/goravel-kit-cli/internal/commands/new.go:305.40,306.51 1 0
github.com/hulutech-web/goravel-kit-cli/internal/commands/new.go:306.51,308.4 1 0
github.com/hulutech-web/goravel-kit-cli/internal/commands/new.go:309.3,309.14 1 0
github.com/hulutech-web/goravel-kit-cli/internal/commands/new.go:309.14,311.4 1 0
github.com/hulutech-web/goravel-kit-cli/internal/commands/new.go:315.2,315.73 1 0
github.com/hulutech-web/goravel-kit-cli/internal/commands/new.go:315.73,317.3 1 0
github.com/hulutech-web/goravel-kit-cli/internal/commands/new.go:318.2,323.38 4 0
github.com/hulutech-web/goravel-kit-cli/internal/commands/new.go:323.38,325.17 2 0
github.com/hulutech-web/goravel-kit-cli/internal/commands/new.go:325.17,327.4 1 0
github.com/hulutech-web/goravel-kit-cli/internal/commands/new.go:328.3,329.17 2 0
github.com/hulutech-web/goravel-kit-cli/internal/commands/new.go:329.17,331.4 1 0
github.com/hulutech-web/goravel-kit-cli/internal/commands/new.go:332.3,332.14 1 0
github.com/hulutech-web/goravel-kit-cli/internal/commands/new.go:332.14,334.4 1 0
github.com/hulutech-web/goravel-kit-cli/internal/commands/new.go:335.8,336.14 1 0
github.com/hulutech-web/goravel-kit-cli/internal/commands/new.go:336.14,338.4 1 0
github.com/hulutech-web/goravel-kit-cli/internal/commands/new.go:342.2,342.64 1 0
github.com/hulutech-web/goravel-kit-cli/internal/commands/new.go:342.64,344.3 1 0
github.com/hulutech-web/goravel-kit-cli/internal/commands/new.go:344.8,346.3 1 0
github.com/hulutech-web/goravel-kit-cli/internal/commands/new.go:350.2,355.35 2 0
github.com/hulutech-web/goravel-kit-cli/internal/commands/new.go:355.35,357.14 2 0
github.com/hulutech-web/goravel-kit-cli/internal/commands/new.go:357.14,359.4 1 0
github.com/hulutech-web/goravel-kit-cli/internal/commands/new.go:360.3,361.14 2 0
github.com/hulutech-web/goravel-kit-cli/internal/commands/new.go:361.14,363.4 1 0
github.com/hulutech-web/goravel-kit-cli/internal/commands/new.go:364.3,364.17 1 0
github.com/hulutech-web/goravel-kit-cli/internal/commands/new.go:364.17,367.9 3 0
github.com/hulutech-web/goravel-kit-cli/internal/commands/new.go:371.2,379.12 8 0
github.com/hulutech-web/goravel-kit-cli/internal/commands/new.go:388.31,390.33 2 3
github.com/hulutech-web/goravel-kit-cli/internal/commands/new.go:390.33,391.22 1 6
github.com/hulutech-web/goravel-kit-cli/internal/commands/new.go:391.22,392.12 1 1
github.com/hulutech-web/goravel-kit-cli/internal/commands/new.go:394.3,394.19 1 5
github.com/hulutech-web/goravel-kit-cli/internal/commands/new.go:394.19,396.4 1 1
github.com/hulutech-web/goravel-kit-cli/internal/commands/new.go:397.3,397.35 1 4
github.com/hulutech-web/goravel-kit-cli/internal/commands/new.go:397.35,399.4 1 3
github.com/hulutech-web/goravel-kit-cli/internal/commands/new.go:401.2,401.14 1 2
github.com/hulutech-web/goravel-kit-cli/internal/commands/new.go:404.58,406.32 2 2
github.com/hulutech-web/goravel-kit-cli/internal/commands/new.go:406.32,408.3 1 1
github.com/hulutech-web/goravel-kit-cli/internal/commands/new.go:410.2,411.16 2 1
github.com/hulutech-web/goravel-kit-cli/internal/commands/new.go:411.16,413.3 1 0
github.com/hulutech-web/goravel-kit-cli/internal/commands/new.go:415.2,419.56 4 1
github.com/hulutech-web/goravel-kit-cli/internal/commands/new.go:423.67,426.16 2 1
github.com/hulutech-web/goravel-kit-cli/internal/commands/new.go:426.16,428.3 1 1
github.com/hulutech-web/goravel-kit-cli/internal/commands/new.go:431.2,434.55 2 0
github.com/hulutech-web/goravel-kit-cli/internal/commands/new.go:434.55,436.3 1 0
github.com/hulutech-web/goravel-kit-cli/internal/commands/new.go:439.2,439.83 1 0
github.com/hulutech-web/goravel-kit-cli/internal/commands/new.go:439.83,440.17 1 0
github.com/hulutech-web/goravel-kit-cli/internal/commands/new.go:440.17,442.4 1 0
github.com/hulutech-web/goravel-kit-cli/internal/commands/new.go:445.3,446.17 2 0
github.com/hulutech-web/goravel-kit-cli/internal/commands/new.go:446.17,448.4 1 0
github.com/hulutech-web/goravel-kit-cli/internal/commands/new.go:450.3,452.19 2 0
github.com/hulutech-web/goravel-kit-cli/internal/commands/new.go:452.19,455.4 1 0
github.com/hulutech-web/goravel-kit-cli/internal/commands/new.go:455.9,458.4 1 0
github.com/hulutech-web/goravel-kit-cli/internal/commands/new.go:461.2,461.16 1 0
github.com/hulutech-web/goravel-kit-cli/internal/commands/new.go:461.16,463.3 1 0
github.com/hulutech-web/goravel-kit-cli/internal/commands/new.go:466.2,466.45 1 0
github.com/hulutech-web/goravel-kit-cli/internal/commands/new.go:466.45,468.3 1 0
github.com/hulutech-web/goravel-kit-cli/internal/commands/new.go:470.2,470.12 1 0
github.com/hulutech-web/goravel-kit-cli/internal/commands/new.go:474.38,477.16 2 1
github.com/hulutech-web/goravel-kit-cli/internal/commands/new.go:477.16,479.3 1 0
github.com/hulutech-web/goravel-kit-cli/internal/commands/new.go:480.2,484.16 3 1
github.com/hulutech-web/goravel-kit-cli/internal/commands/new.go:484.16,486.3 1 0
github.com/hulutech-web/goravel-kit-cli/internal/commands/new.go:487.2,491.16 3 1
github.com/hulutech-web/goravel-kit-cli/internal/commands/new.go:491.16,493.3 1 0
github.com/hulutech-web/goravel-kit-cli/internal/commands/new.go:496.2,497.16 2 1
github.com/hulutech-web/goravel-kit-cli/internal/commands/new.go:497.16,499.3 1 0
github.com/hulutech-web/goravel-kit-cli/internal/commands/new.go:501.2,501.38 1 1
github.com/hulutech-web/goravel-kit-cli/internal/utils/cmd.go:11.74,15.2 3 0
github.com/hulutech-web/goravel-kit-cli/internal/utils/file.go:7.40,9.24 2 0
github.com/hulutech-web/goravel-kit-cli/internal/utils/file.go:9.24,11.3 1 0
github.com/hulutech-web/goravel-kit-cli/internal/utils/file.go:12.2,12.21 1 0
github.com/hulutech-web/goravel-kit-cli/internal/utils/file.go:15.35,17.24 2 2
github.com/hulutech-web/goravel-kit-cli/internal/utils/file.go:17.24,19.3 1 1
github.com/hulutech-web/goravel-kit-cli/internal/utils/file.go:20.2,20.22 1 1
github.com/hulutech-web/goravel-kit-cli/internal/utils/file.go:23.54,25.2 1 0
github.com/hulutech-web/goravel-kit-cli/internal/utils/file.go:27.41,29.2 1 0
github.com/hulutech-web/goravel-kit-cli/internal/utils/git.go:14.109,17.40 2 0
github.com/hulutech-web/goravel-kit-cli/internal/utils/git.go:17.40,19.3 1 0
github.com/hulutech-web/goravel-kit-cli/internal/utils/git.go:21.2,25.13 3 0
github.com/hulutech-web/goravel-kit-cli/internal/utils/git.go:25.13,27.3 1 0
github.com/hulutech-web/goravel-kit-cli/internal/utils/git.go:30.2,31.16 2 0
github.com/hulutech-web/goravel-kit-cli/internal/utils/git.go:31.16,33.3 1 0
github.com/hulutech-web/goravel-kit-cli/internal/utils/git.go:35.2,36.16 2 0
github.com/hulutech-web/goravel-kit-cli/internal/utils/git.go:36.16,38.3 1 0
github.com/hulutech-web/goravel-kit-cli/internal/utils/git.go:41.2,44.36 2 0
github.com/hulutech-web/goravel-kit-cli/internal/utils/git.go:44.36,46.3 1 0
github.com/hulutech-web/goravel-kit-cli/internal/utils/git.go:49.2,56.16 5 0
github.com/hulutech-web/goravel-kit-cli/internal/utils/git.go:56.16,58.44 1 0
github.com/hulutech-web/goravel-kit-cli/internal/utils/git.go:58.44,60.4 1 0
github.com/hulutech-web/goravel-kit-cli/internal/utils/git.go:63.3,63.10 1 0
github.com/hulutech-web/goravel-kit-cli/internal/utils/git.go:66.55,67.126 1 0
github.com/hulutech-web/goravel-kit-cli/internal/utils/git.go:69.62,70.78 1 0
github.com/hulutech-web/goravel-kit-cli/internal/utils/git.go:72.67,73.74 1 0
github.com/hulutech-web/goravel-kit-cli/internal/utils/git.go:75.70,76.94 1 0
github.com/hulutech-web/goravel-kit-cli/internal/utils/git.go:78.11,79.69 1 0
github.com/hulutech-web/goravel-kit-cli/internal/utils/git.go:83.2,83.13 1 0
github.com/hulutech-web/goravel-kit-cli/internal/utils/git.go:83.13,85.3 1 0
github.com/hulutech-web/goravel-kit-cli/internal/utils/git.go:85.8,87.3 1 0
github.com/hulutech-web/goravel-kit-cli/internal/utils/git.go:89.2,89.12 1 0
github.com/hulutech-web/goravel-kit-cli/internal/utils/git.go:93.66,95.21 2 0
github.com/hulutech-web/goravel-kit-cli/internal/utils/git.go:95.21,97.14 2 0
github.com/hulutech-web/goravel-kit-cli/internal/utils/git.go:97.14,99.4 1 0
github.com/hulutech-web/goravel-kit-cli/internal/utils/git.go:99.9,103.39 1 0
github.com/hulutech-web/goravel-kit-cli/internal/utils/git.go:103.39,105.5 1 0
github.com/hulutech-web/goravel-kit-cli/internal/utils/git.go:111.63,113.2 1 0
github.com/hulutech-web/goravel-kit-cli/internal/utils/network.go:8.30,11.16 3 0
github.com/hulutech-web/goravel-kit-cli/internal/utils/network.go:11.16,13.3 1 0
github.com/hulutech-web/goravel-kit-cli/internal/utils/network.go:14.2,15.13 2 0
